2023-07-01T14:48:59.614652Z	Cloning repository...
2023-07-01T14:49:00.484649Z	From https://github.com/forestDean/johnwalton.photography
2023-07-01T14:49:00.485222Z	 * branch            f4ebaab008b5ddb6fd199e48cb2e538856431d08 -> FETCH_HEAD
2023-07-01T14:49:00.485391Z	
2023-07-01T14:49:00.534382Z	HEAD is now at f4ebaab Delete test.js
2023-07-01T14:49:00.534933Z	
2023-07-01T14:49:00.645201Z	
2023-07-01T14:49:00.674356Z	Success: Finished cloning repository files
2023-07-01T14:49:01.247685Z	Installing dependencies
2023-07-01T14:49:01.255739Z	Python version set to 2.7
2023-07-01T14:49:04.519273Z	v12.18.0 is already installed.
2023-07-01T14:49:05.609499Z	Now using node v12.18.0 (npm v6.14.4)
2023-07-01T14:49:05.778137Z	Started restoring cached build plugins
2023-07-01T14:49:05.789718Z	Finished restoring cached build plugins
2023-07-01T14:49:06.190142Z	Attempting ruby version 2.7.1, read from environment
2023-07-01T14:49:07.657625Z	Using /opt/buildhome/.rvm/gems/ruby-2.7.1
2023-07-01T14:49:08.651774Z	Using PHP version 5.6
2023-07-01T14:49:08.743704Z	5.2.5 is already installed.
2023-07-01T14:49:08.760693Z	Using Swift version 5.2.5
2023-07-01T14:49:08.761186Z	Started restoring cached node modules
2023-07-01T14:49:08.773382Z	Finished restoring cached node modules
2023-07-01T14:49:09.106287Z	Installing NPM modules using NPM version 6.14.4
2023-07-01T14:49:10.940297Z	npm WARN read-shrinkwrap This version of npm is compatible with lockfileVersion@1, but package-lock.json was generated for lockfileVersion@2. I'll try to do my best with it!
2023-07-01T14:49:34.772185Z	
2023-07-01T14:49:34.772745Z	> core-js@3.31.0 postinstall /opt/buildhome/repo/node_modules/core-js
2023-07-01T14:49:34.772938Z	> node -e "try{require('./postinstall')}catch(e){}"
2023-07-01T14:49:34.773086Z	
2023-07-01T14:49:34.876025Z	[96mThank you for using core-js ([94m https://github.com/zloirock/core-js [96m) for polyfilling JavaScript standard library![0m
2023-07-01T14:49:34.877209Z	
2023-07-01T14:49:34.877485Z	[96mThe project needs your help! Please consider supporting core-js:[0m
2023-07-01T14:49:34.877665Z	[96m>[94m https://opencollective.com/core-js [0m
2023-07-01T14:49:34.877788Z	[96m>[94m https://patreon.com/zloirock [0m
2023-07-01T14:49:34.878485Z	[96m>[94m https://boosty.to/zloirock [0m
2023-07-01T14:49:34.87865Z	[96m>[94m bitcoin: bc1qlea7544qtsmj2rayg0lthvza9fau63ux0fstcz [0m
2023-07-01T14:49:34.878783Z	
2023-07-01T14:49:34.878982Z	[96mI highly recommend reading this:[94m https://github.com/zloirock/core-js/blob/master/docs/2023-02-14-so-whats-next.md [96m[0m
2023-07-01T14:49:34.879181Z	
2023-07-01T14:49:34.910293Z	
2023-07-01T14:49:34.910608Z	> core-js-pure@3.31.0 postinstall /opt/buildhome/repo/node_modules/core-js-pure
2023-07-01T14:49:34.910757Z	> node -e "try{require('./postinstall')}catch(e){}"
2023-07-01T14:49:34.910886Z	
2023-07-01T14:49:36.376303Z	npm WARN optional SKIPPING OPTIONAL DEPENDENCY: fsevents@2.3.2 (node_modules/fsevents):
2023-07-01T14:49:36.376765Z	npm WARN notsup SKIPPING OPTIONAL DEPENDENCY: Unsupported platform for fsevents@2.3.2: wanted {"os":"darwin","arch":"any"} (current: {"os":"linux","arch":"x64"})
2023-07-01T14:49:36.37697Z	
2023-07-01T14:49:36.382651Z	added 1510 packages from 711 contributors and audited 1511 packages in 25.489s
2023-07-01T14:49:37.394844Z	
2023-07-01T14:49:37.39537Z	237 packages are looking for funding
2023-07-01T14:49:37.395689Z	  run `npm fund` for details
2023-07-01T14:49:37.395908Z	
2023-07-01T14:49:37.396094Z	found 54 vulnerabilities (53 moderate, 1 high)
2023-07-01T14:49:37.396216Z	  run `npm audit fix` to fix them, or `npm audit` for details
2023-07-01T14:49:37.426006Z	NPM modules installed
2023-07-01T14:49:37.488564Z	Installing Hugo 0.54.0
2023-07-01T14:49:38.175042Z	Hugo Static Site Generator v0.54.0-B1A82C61A/extended linux/amd64 BuildDate: 2019-02-01T10:04:38Z
2023-07-01T14:49:38.178668Z	Started restoring cached go cache
2023-07-01T14:49:38.192392Z	Finished restoring cached go cache
2023-07-01T14:49:38.283365Z	go version go1.14.4 linux/amd64
2023-07-01T14:49:38.296854Z	go version go1.14.4 linux/amd64
2023-07-01T14:49:38.301713Z	Installing missing commands
2023-07-01T14:49:38.302042Z	Verify run directory
2023-07-01T14:49:38.302226Z	Executing user command: npm run build
2023-07-01T14:49:38.734053Z	
2023-07-01T14:49:38.734417Z	> johnwalton.photography@0.1.0 build /opt/buildhome/repo
2023-07-01T14:49:38.73465Z	> react-scripts build
2023-07-01T14:49:38.734782Z	
2023-07-01T14:49:41.003238Z	Creating an optimized production build...
2023-07-01T14:49:45.033956Z	[0;33mOne of your dependencies, babel-preset-react-app, is importing the
2023-07-01T14:49:45.034785Z	"@babel/plugin-proposal-private-property-in-object" package without
2023-07-01T14:49:45.035095Z	declaring it in its dependencies. This is currently working because
2023-07-01T14:49:45.035256Z	"@babel/plugin-proposal-private-property-in-object" is already in your
2023-07-01T14:49:45.035498Z	node_modules folder for unrelated reasons, but it [1mmay break at any time[0;33m.
2023-07-01T14:49:45.035703Z	
2023-07-01T14:49:45.035905Z	babel-preset-react-app is part of the create-react-app project, [1mwhich
2023-07-01T14:49:45.036131Z	is not maintianed anymore[0;33m. It is thus unlikely that this bug will
2023-07-01T14:49:45.036259Z	ever be fixed. Add "@babel/plugin-proposal-private-property-in-object" to
2023-07-01T14:49:45.036523Z	your devDependencies to work around this error. This will make this message
2023-07-01T14:49:45.036723Z	go away.[0m
2023-07-01T14:49:45.036846Z	  
2023-07-01T14:49:53.299739Z	Compiled successfully.
2023-07-01T14:49:53.30021Z	
2023-07-01T14:49:53.300364Z	File sizes after gzip:
2023-07-01T14:49:53.300477Z	
2023-07-01T14:49:53.32382Z	  54.19 kB  build/static/js/main.42d50718.js
2023-07-01T14:49:53.324072Z	  32.01 kB  build/static/css/main.9961c3ab.css
2023-07-01T14:49:53.324227Z	  1.79 kB   build/static/js/787.17fcf531.chunk.js
2023-07-01T14:49:53.324347Z	
2023-07-01T14:49:53.324457Z	The project was built assuming it is hosted at /.
2023-07-01T14:49:53.324563Z	You can control this with the homepage field in your package.json.
2023-07-01T14:49:53.324667Z	
2023-07-01T14:49:53.324808Z	The build folder is ready to be deployed.
2023-07-01T14:49:53.324944Z	You may serve it with a static server:
2023-07-01T14:49:53.325057Z	
2023-07-01T14:49:53.325176Z	  npm install -g serve
2023-07-01T14:49:53.325278Z	  serve -s build
2023-07-01T14:49:53.32538Z	
2023-07-01T14:49:53.32548Z	Find out more about deployment here:
2023-07-01T14:49:53.32558Z	
2023-07-01T14:49:53.325681Z	  https://cra.link/deployment
2023-07-01T14:49:53.325789Z	
2023-07-01T14:49:53.385328Z	Finished
2023-07-01T14:49:53.386085Z	Note: No functions dir at /functions found. Skipping.
2023-07-01T14:49:53.386299Z	Validating asset output directory
2023-07-01T14:49:53.926433Z	Deploying your site to Cloudflare's global network...
2023-07-01T14:49:55.943679Z	Uploading... (0/14)
2023-07-01T14:49:56.874934Z	Uploading... (4/14)
2023-07-01T14:49:57.333355Z	Uploading... (9/14)
2023-07-01T14:49:57.544657Z	Uploading... (14/14)
2023-07-01T14:49:57.545112Z	✨ Success! Uploaded 14 files (2.21 sec)
2023-07-01T14:49:57.545383Z	
2023-07-01T14:49:57.982896Z	✨ Upload complete!
2023-07-01T14:49:59.725931Z	Success: Assets published!
2023-07-01T14:50:00.484234Z	Success: Your site was deployed!